Added Component: Designator=J?(CINC-142-0701-801_V)
Add component. Clean all parameters for all variants
Add component (AddParameter): Name = "Body Material"; Value = "Brass"; VariantName = "[No Variations]"
Add component (AddParameter): Name = "Body Style"; Value = "Straight"; VariantName = "[No Variations]"
Add component (AddParameter): Name = "Brand"; Value = "Johnson/EmersonConnectivitySolutions"; VariantName = "[No Variations]"
Add component (AddParameter): Name = "Connector Type"; Value = "JackPCB"; VariantName = "[No Variations]"
Add component (AddParameter): Name = "Contact Plating"; Value = "Gold"; VariantName = "[No Variations]"
Add component (AddParameter): Name = "Datasheet URL"; Value = "https://belfuse.com/resources/Johnson/productinformation/pi-142-0701-801.pdf"; VariantName = "[No Variations]"
Add component (AddParameter): Name = "Datasheet Version"; Value = "12/2014"; VariantName = "[No Variations]"
Add component (AddParameter): Name = "Factory Pack Quantity"; Value = "5"; VariantName = "[No Variations]"
Add component (AddParameter): Name = "Gender"; Value = "Jack(Female)"; VariantName = "[No Variations]"
Add component (AddParameter): Name = "Impedance"; Value = "50Ohms"; VariantName = "[No Variations]"
Add component (AddParameter): Name = "Manufacturer"; Value = "EmersonConnectivitySolutions"; VariantName = "[No Variations]"
Add component (AddParameter): Name = "Manufacturer URL"; Value = "http://www.cinch.com/"; VariantName = "[No Variations]"
Add component (AddParameter): Name = "Maximum Frequency"; Value = "18GHz"; VariantName = "[No Variations]"
Add component (AddParameter): Name = "Mounting Technology"; Value = "SurfaceMount"; VariantName = "[No Variations]"
Add component (AddParameter): Name = "Operating Temperature Range"; Value = "-65Cto+165C"; VariantName = "[No Variations]"
Add component (AddParameter): Name = "Orientation"; Value = "Straight"; VariantName = "[No Variations]"
Add component (AddParameter): Name = "Package Description"; Value = "5-Pin Surface Mount Device, Body 14.275 x 9.525 mm"; VariantName = "[No Variations]"
Add component (AddParameter): Name = "Package Reference"; Value = "142-0701-801"; VariantName = "[No Variations]"
Add component (AddParameter): Name = "Package URL"; Value = "https://belfuse.com/resources/Johnson/drawings/dr-1420701801.pdf"; VariantName = "[No Variations]"
Add component (AddParameter): Name = "Product"; Value = "Connectors"; VariantName = "[No Variations]"
Add component (AddParameter): Name = "Product Category"; Value = "RFConnectors/CoaxialConnectors"; VariantName = "[No Variations]"
Add component (AddParameter): Name = "RF Series"; Value = "SMA"; VariantName = "[No Variations]"
Add component (AddParameter): Name = "RoHS"; Value = "Details"; VariantName = "[No Variations]"
Add component (AddParameter): Name = "Series"; Value = "SMA"; VariantName = "[No Variations]"
Add component (AddParameter): Name = "Termination Style"; Value = "Solder"; VariantName = "[No Variations]"
Added Component: Designator=J?(TECO-1053354-1_V)
Add component. Clean all parameters for all variants
Add component (AddParameter): Name = "3D Model"; Value = "1053354-1.pdf"; VariantName = "[No Variations]"
Add component (AddParameter): Name = "Category"; Value = "Connectors,Interconnects"; VariantName = "[No Variations]"
Add component (AddParameter): Name = "Connector Style"; Value = "SMA"; VariantName = "[No Variations]"
Add component (AddParameter): Name = "Connector Type"; Value = "Jack,FemaleSockets"; VariantName = "[No Variations]"
Add component (AddParameter): Name = "Contact Termination"; Value = "Solder"; VariantName = "[No Variations]"
Add component (AddParameter): Name = "Datasheet URL"; Value = "http://www.te.com/commerce/DocumentDelivery/DDEController?Action=srchrtrv&DocNm=1053354&DocType=Customer+Drawing&DocLang=English"; VariantName = "[No Variations]"
Add component (AddParameter): Name = "Datasheet Version"; Value = "Rev. B, 05/2011"; VariantName = "[No Variations]"
Add component (AddParameter): Name = "Dynamic Catalog"; Value = "SMA"; VariantName = "[No Variations]"
Add component (AddParameter): Name = "Family"; Value = "CoaxialConnectors(RF)"; VariantName = "[No Variations]"
Add component (AddParameter): Name = "Fastening Type"; Value = "Threaded"; VariantName = "[No Variations]"
Add component (AddParameter): Name = "Impedance"; Value = "50Ohm"; VariantName = "[No Variations]"
Add component (AddParameter): Name = "Manufacturer"; Value = "TE Connectivity"; VariantName = "[No Variations]"
Add component (AddParameter): Name = "Manufacturer URL"; Value = "http://www.te.com/"; VariantName = "[No Variations]"
Add component (AddParameter): Name = "Mounting Technology"; Value = "ThroughHole"; VariantName = "[No Variations]"
Add component (AddParameter): Name = "Mounting Type"; Value = "ThroughHole"; VariantName = "[No Variations]"
Add component (AddParameter): Name = "Other Names"; Value = "2062000000
A30046"; VariantName = "[No Variations]"
Add component (AddParameter): Name = "Package Description"; Value = "Female Coaxial Connector, Pitch 2.55 mm, Height 9.5 mm, Tail Length 3.9 mm"; VariantName = "[No Variations]"
Add component (AddParameter): Name = "Package Reference"; Value = "1053354-1"; VariantName = "[No Variations]"
Add component (AddParameter): Name = "Packaging"; Value = "Bulk"; VariantName = "[No Variations]"
Add component (AddParameter): Name = "RoHS Information"; Value = "1053354-1StatementofCompliance"; VariantName = "[No Variations]"
Add component (AddParameter): Name = "Series"; Value = "SMA"; VariantName = "[No Variations]"
Add component (AddParameter): Name = "Standard Package"; Value = "125"; VariantName = "[No Variations]"
Added Member To Class: ClassName=crossed_dipole_matching Member=Component J? 142-0701-801
Added Member To Class: ClassName=crossed_dipole_matching Member=Component J? 1053354-1
